03/09/2025 15:07:39 - INFO - root -   Loading model:
BertClassifier()
03/09/2025 15:07:39 - INFO - root -   Loading model:
BertClassifier()
03/09/2025 15:07:40 - INFO - bert_sklearn.model.pytorch_pretrained.file_utils -   https://s3.amazonaws.com/models.huggingface.co/bert/bert-base-uncased-vocab.txt not found in cache, downloading to /tmp/tmp89al1zwj
03/09/2025 15:07:40 - INFO - bert_sklearn.model.pytorch_pretrained.file_utils -   copying /tmp/tmp89al1zwj to cache at /home/marceau/.cache/torch/pytorch_pretrained_bert/26bc1ad6c0ac742e9b52263248f6d0f00068293b33709fae12320c0e35ccfbbb.542ce4285a40d23a559526243235df47c5f75c197f04f37d1a0c124c32c9a084
03/09/2025 15:07:40 - INFO - bert_sklearn.model.pytorch_pretrained.file_utils -   creating metadata file for /home/marceau/.cache/torch/pytorch_pretrained_bert/26bc1ad6c0ac742e9b52263248f6d0f00068293b33709fae12320c0e35ccfbbb.542ce4285a40d23a559526243235df47c5f75c197f04f37d1a0c124c32c9a084
03/09/2025 15:07:40 - INFO - bert_sklearn.model.pytorch_pretrained.file_utils -   removing temp file /tmp/tmp89al1zwj
03/09/2025 15:07:40 - INFO - bert_sklearn.model.pytorch_pretrained.tokenization -   loading vocabulary file https://s3.amazonaws.com/models.huggingface.co/bert/bert-base-uncased-vocab.txt from cache at /home/marceau/.cache/torch/pytorch_pretrained_bert/26bc1ad6c0ac742e9b52263248f6d0f00068293b33709fae12320c0e35ccfbbb.542ce4285a40d23a559526243235df47c5f75c197f04f37d1a0c124c32c9a084
03/09/2025 15:07:40 - INFO - root -   Loading model:
BertClassifier()
03/09/2025 15:07:41 - INFO - bert_sklearn.model.pytorch_pretrained.tokenization -   loading vocabulary file https://s3.amazonaws.com/models.huggingface.co/bert/bert-base-uncased-vocab.txt from cache at /home/marceau/.cache/torch/pytorch_pretrained_bert/26bc1ad6c0ac742e9b52263248f6d0f00068293b33709fae12320c0e35ccfbbb.542ce4285a40d23a559526243235df47c5f75c197f04f37d1a0c124c32c9a084
03/09/2025 15:10:33 - INFO - root -   Loading model:
BertClassifier()
03/09/2025 15:10:33 - INFO - root -   Loading model:
BertClassifier()
03/09/2025 15:10:34 - INFO - bert_sklearn.model.pytorch_pretrained.tokenization -   loading vocabulary file https://s3.amazonaws.com/models.huggingface.co/bert/bert-base-uncased-vocab.txt from cache at /home/marceau/.cache/torch/pytorch_pretrained_bert/26bc1ad6c0ac742e9b52263248f6d0f00068293b33709fae12320c0e35ccfbbb.542ce4285a40d23a559526243235df47c5f75c197f04f37d1a0c124c32c9a084
03/09/2025 15:10:34 - INFO - root -   Loading model:
BertClassifier()
03/09/2025 15:10:34 - INFO - bert_sklearn.model.pytorch_pretrained.tokenization -   loading vocabulary file https://s3.amazonaws.com/models.huggingface.co/bert/bert-base-uncased-vocab.txt from cache at /home/marceau/.cache/torch/pytorch_pretrained_bert/26bc1ad6c0ac742e9b52263248f6d0f00068293b33709fae12320c0e35ccfbbb.542ce4285a40d23a559526243235df47c5f75c197f04f37d1a0c124c32c9a084
03/09/2025 15:12:24 - INFO - root -   Loading model:
BertClassifier(epochs=1)
03/09/2025 15:12:24 - INFO - root -   Loading model:
BertClassifier(epochs=1)
03/09/2025 15:12:24 - INFO - bert_sklearn.model.pytorch_pretrained.tokenization -   loading vocabulary file https://s3.amazonaws.com/models.huggingface.co/bert/bert-base-uncased-vocab.txt from cache at /home/marceau/.cache/torch/pytorch_pretrained_bert/26bc1ad6c0ac742e9b52263248f6d0f00068293b33709fae12320c0e35ccfbbb.542ce4285a40d23a559526243235df47c5f75c197f04f37d1a0c124c32c9a084
03/09/2025 15:12:24 - INFO - root -   Loading model:
BertClassifier(epochs=1)
03/09/2025 15:12:24 - INFO - bert_sklearn.model.pytorch_pretrained.tokenization -   loading vocabulary file https://s3.amazonaws.com/models.huggingface.co/bert/bert-base-uncased-vocab.txt from cache at /home/marceau/.cache/torch/pytorch_pretrained_bert/26bc1ad6c0ac742e9b52263248f6d0f00068293b33709fae12320c0e35ccfbbb.542ce4285a40d23a559526243235df47c5f75c197f04f37d1a0c124c32c9a084
03/09/2025 15:14:03 - INFO - root -   Loading model:
BertClassifier()
03/09/2025 15:14:03 - INFO - root -   Loading model:
BertClassifier()
03/09/2025 15:14:03 - INFO - root -   Loading model:
BertClassifier()
03/09/2025 15:14:04 - INFO - bert_sklearn.model.pytorch_pretrained.tokenization -   loading vocabulary file https://s3.amazonaws.com/models.huggingface.co/bert/bert-base-uncased-vocab.txt from cache at /home/marceau/.cache/torch/pytorch_pretrained_bert/26bc1ad6c0ac742e9b52263248f6d0f00068293b33709fae12320c0e35ccfbbb.542ce4285a40d23a559526243235df47c5f75c197f04f37d1a0c124c32c9a084
03/09/2025 15:14:04 - INFO - root -   Loading model:
BertClassifier()
03/09/2025 15:14:04 - INFO - root -   Loading model:
BertClassifier()
03/09/2025 15:14:04 - INFO - bert_sklearn.model.pytorch_pretrained.tokenization -   loading vocabulary file https://s3.amazonaws.com/models.huggingface.co/bert/bert-base-uncased-vocab.txt from cache at /home/marceau/.cache/torch/pytorch_pretrained_bert/26bc1ad6c0ac742e9b52263248f6d0f00068293b33709fae12320c0e35ccfbbb.542ce4285a40d23a559526243235df47c5f75c197f04f37d1a0c124c32c9a084
03/09/2025 15:14:07 - INFO - root -   Loading model:
BertClassifier()
03/09/2025 15:14:08 - INFO - root -   Loading model:
BertClassifier()
03/09/2025 15:14:08 - INFO - root -   Loading model:
BertClassifier()
03/09/2025 15:14:08 - INFO - bert_sklearn.model.pytorch_pretrained.tokenization -   loading vocabulary file https://s3.amazonaws.com/models.huggingface.co/bert/bert-base-uncased-vocab.txt from cache at /home/marceau/.cache/torch/pytorch_pretrained_bert/26bc1ad6c0ac742e9b52263248f6d0f00068293b33709fae12320c0e35ccfbbb.542ce4285a40d23a559526243235df47c5f75c197f04f37d1a0c124c32c9a084
03/09/2025 15:14:08 - INFO - root -   Loading model:
BertClassifier()
03/09/2025 15:14:08 - INFO - root -   Loading model:
BertClassifier()
03/09/2025 15:14:08 - INFO - bert_sklearn.model.pytorch_pretrained.tokenization -   loading vocabulary file https://s3.amazonaws.com/models.huggingface.co/bert/bert-base-uncased-vocab.txt from cache at /home/marceau/.cache/torch/pytorch_pretrained_bert/26bc1ad6c0ac742e9b52263248f6d0f00068293b33709fae12320c0e35ccfbbb.542ce4285a40d23a559526243235df47c5f75c197f04f37d1a0c124c32c9a084
03/09/2025 15:14:49 - INFO - root -   Loading model:
BertClassifier()
03/09/2025 15:14:49 - INFO - root -   Loading model:
BertClassifier()
03/09/2025 15:14:49 - INFO - root -   Loading model:
BertClassifier()
03/09/2025 15:14:49 - INFO - bert_sklearn.model.pytorch_pretrained.tokenization -   loading vocabulary file https://s3.amazonaws.com/models.huggingface.co/bert/bert-base-uncased-vocab.txt from cache at /home/marceau/.cache/torch/pytorch_pretrained_bert/26bc1ad6c0ac742e9b52263248f6d0f00068293b33709fae12320c0e35ccfbbb.542ce4285a40d23a559526243235df47c5f75c197f04f37d1a0c124c32c9a084
03/09/2025 15:14:49 - INFO - root -   Loading model:
BertClassifier()
03/09/2025 15:14:49 - INFO - root -   Loading model:
BertClassifier()
03/09/2025 15:14:49 - INFO - bert_sklearn.model.pytorch_pretrained.tokenization -   loading vocabulary file https://s3.amazonaws.com/models.huggingface.co/bert/bert-base-uncased-vocab.txt from cache at /home/marceau/.cache/torch/pytorch_pretrained_bert/26bc1ad6c0ac742e9b52263248f6d0f00068293b33709fae12320c0e35ccfbbb.542ce4285a40d23a559526243235df47c5f75c197f04f37d1a0c124c32c9a084
